{"level":"info","message":"Server running in development mode on port 5000","service":"fire-alarm-api","timestamp":"2025-05-04 13:21:18"}
{"level":"info","message":"MongoDB Connected: localhost","service":"fire-alarm-api","timestamp":"2025-05-04 13:21:18"}
{"level":"info","message":"WebSocket server initialized","service":"fire-alarm-api","timestamp":"2025-05-04 13:21:18"}
{"level":"info","message":"WebSocket server initialized successfully","service":"fire-alarm-api","timestamp":"2025-05-04 13:21:18"}
{"level":"info","message":"Server running in development mode on port 5000","service":"fire-alarm-api","timestamp":"2025-05-05 12:34:26"}
{"level":"info","message":"MongoDB Connected: localhost","service":"fire-alarm-api","timestamp":"2025-05-05 12:34:26"}
{"level":"info","message":"WebSocket server initialized","service":"fire-alarm-api","timestamp":"2025-05-05 12:34:26"}
{"level":"info","message":"WebSocket server initialized successfully","service":"fire-alarm-api","timestamp":"2025-05-05 12:34:26"}
{"level":"info","message":"Server running in development mode on port 5000","service":"fire-alarm-api","timestamp":"2025-05-05 14:44:11"}
{"level":"info","message":"MongoDB Connected: localhost","service":"fire-alarm-api","timestamp":"2025-05-05 14:44:11"}
{"level":"info","message":"WebSocket server initialized","service":"fire-alarm-api","timestamp":"2025-05-05 14:44:11"}
{"level":"info","message":"WebSocket server initialized successfully","service":"fire-alarm-api","timestamp":"2025-05-05 14:44:11"}
{"level":"info","message":"Server running in development mode on port 5000","service":"fire-alarm-api","timestamp":"2025-05-05 15:35:57"}
{"level":"info","message":"MongoDB Connected: localhost","service":"fire-alarm-api","timestamp":"2025-05-05 15:35:57"}
{"level":"info","message":"WebSocket server initialized","service":"fire-alarm-api","timestamp":"2025-05-05 15:35:57"}
{"level":"info","message":"WebSocket server initialized successfully","service":"fire-alarm-api","timestamp":"2025-05-05 15:35:57"}
{"level":"info","message":"Server running in development mode on port 5000","service":"fire-alarm-api","timestamp":"2025-05-05 15:38:50"}
{"level":"info","message":"MongoDB Connected: localhost","service":"fire-alarm-api","timestamp":"2025-05-05 15:38:50"}
{"level":"info","message":"WebSocket server initialized","service":"fire-alarm-api","timestamp":"2025-05-05 15:38:50"}
{"level":"info","message":"WebSocket server initialized successfully","service":"fire-alarm-api","timestamp":"2025-05-05 15:38:50"}
{"level":"info","message":"Server running in development mode on port 5000","service":"fire-alarm-api","timestamp":"2025-05-05 15:39:02"}
{"level":"info","message":"MongoDB Connected: localhost","service":"fire-alarm-api","timestamp":"2025-05-05 15:39:02"}
{"level":"info","message":"WebSocket server initialized","service":"fire-alarm-api","timestamp":"2025-05-05 15:39:02"}
{"level":"info","message":"WebSocket server initialized successfully","service":"fire-alarm-api","timestamp":"2025-05-05 15:39:02"}
{"level":"info","message":"Server running in development mode on port 5000","service":"fire-alarm-api","timestamp":"2025-05-05 15:39:33"}
{"level":"info","message":"MongoDB Connected: localhost","service":"fire-alarm-api","timestamp":"2025-05-05 15:39:33"}
{"level":"info","message":"WebSocket server initialized","service":"fire-alarm-api","timestamp":"2025-05-05 15:39:33"}
{"level":"info","message":"WebSocket server initialized successfully","service":"fire-alarm-api","timestamp":"2025-05-05 15:39:33"}
{"level":"info","message":"Server running in development mode on port 5000","service":"fire-alarm-api","timestamp":"2025-05-05 15:39:40"}
{"level":"info","message":"MongoDB Connected: localhost","service":"fire-alarm-api","timestamp":"2025-05-05 15:39:40"}
{"level":"info","message":"WebSocket server initialized","service":"fire-alarm-api","timestamp":"2025-05-05 15:39:40"}
{"level":"info","message":"WebSocket server initialized successfully","service":"fire-alarm-api","timestamp":"2025-05-05 15:39:40"}
{"level":"info","message":"Server running in development mode on port 5000","service":"fire-alarm-api","timestamp":"2025-05-05 15:40:10"}
{"level":"info","message":"MongoDB Connected: localhost","service":"fire-alarm-api","timestamp":"2025-05-05 15:40:10"}
{"level":"info","message":"WebSocket server initialized","service":"fire-alarm-api","timestamp":"2025-05-05 15:40:10"}
{"level":"info","message":"WebSocket server initialized successfully","service":"fire-alarm-api","timestamp":"2025-05-05 15:40:10"}
{"level":"info","message":"Server running in development mode on port 5000","service":"fire-alarm-api","timestamp":"2025-05-05 15:40:14"}
{"level":"info","message":"MongoDB Connected: localhost","service":"fire-alarm-api","timestamp":"2025-05-05 15:40:14"}
{"level":"info","message":"WebSocket server initialized","service":"fire-alarm-api","timestamp":"2025-05-05 15:40:14"}
{"level":"info","message":"WebSocket server initialized successfully","service":"fire-alarm-api","timestamp":"2025-05-05 15:40:14"}
{"level":"info","message":"Server running in development mode on port 5000","service":"fire-alarm-api","timestamp":"2025-05-05 15:40:54"}
{"level":"info","message":"MongoDB Connected: localhost","service":"fire-alarm-api","timestamp":"2025-05-05 15:40:54"}
{"level":"info","message":"WebSocket server initialized","service":"fire-alarm-api","timestamp":"2025-05-05 15:40:54"}
{"level":"info","message":"WebSocket server initialized successfully","service":"fire-alarm-api","timestamp":"2025-05-05 15:40:54"}
{"level":"error","message":"Unhandled Rejection: Cannot read properties of undefined (reading 'startsWith')","service":"fire-alarm-api","timestamp":"2025-05-05 15:41:02"}
{"level":"info","message":"Server running in development mode on port 5000","service":"fire-alarm-api","timestamp":"2025-05-05 15:41:29"}
{"level":"info","message":"MongoDB Connected: localhost","service":"fire-alarm-api","timestamp":"2025-05-05 15:41:29"}
{"level":"info","message":"WebSocket server initialized","service":"fire-alarm-api","timestamp":"2025-05-05 15:41:29"}
{"level":"info","message":"WebSocket server initialized successfully","service":"fire-alarm-api","timestamp":"2025-05-05 15:41:29"}
{"level":"error","message":"Unhandled Rejection: Cannot read properties of undefined (reading 'startsWith')","service":"fire-alarm-api","timestamp":"2025-05-05 15:41:32"}
{"level":"info","message":"Server running in development mode on port 5000","service":"fire-alarm-api","timestamp":"2025-05-05 15:41:42"}
{"level":"info","message":"MongoDB Connected: localhost","service":"fire-alarm-api","timestamp":"2025-05-05 15:41:42"}
{"level":"info","message":"WebSocket server initialized","service":"fire-alarm-api","timestamp":"2025-05-05 15:41:42"}
{"level":"info","message":"WebSocket server initialized successfully","service":"fire-alarm-api","timestamp":"2025-05-05 15:41:42"}
{"level":"info","message":"Server running in development mode on port 5000","service":"fire-alarm-api","timestamp":"2025-05-05 15:42:08"}
{"level":"info","message":"MongoDB Connected: localhost","service":"fire-alarm-api","timestamp":"2025-05-05 15:42:08"}
{"level":"info","message":"WebSocket server initialized","service":"fire-alarm-api","timestamp":"2025-05-05 15:42:08"}
{"level":"info","message":"WebSocket server initialized successfully","service":"fire-alarm-api","timestamp":"2025-05-05 15:42:08"}
{"level":"error","message":"Unhandled Rejection: Cannot set headers after they are sent to the client","service":"fire-alarm-api","timestamp":"2025-05-05 15:42:11"}
{"level":"info","message":"Server running in development mode on port 5000","service":"fire-alarm-api","timestamp":"2025-05-05 15:42:34"}
{"level":"info","message":"MongoDB Connected: localhost","service":"fire-alarm-api","timestamp":"2025-05-05 15:42:34"}
{"level":"info","message":"WebSocket server initialized","service":"fire-alarm-api","timestamp":"2025-05-05 15:42:34"}
{"level":"info","message":"WebSocket server initialized successfully","service":"fire-alarm-api","timestamp":"2025-05-05 15:42:34"}
{"level":"error","message":"Unhandled Rejection: Cannot set headers after they are sent to the client","service":"fire-alarm-api","timestamp":"2025-05-05 15:42:45"}
{"level":"info","message":"Server running in development mode on port 5000","service":"fire-alarm-api","timestamp":"2025-05-05 15:43:04"}
{"level":"info","message":"MongoDB Connected: localhost","service":"fire-alarm-api","timestamp":"2025-05-05 15:43:04"}
{"level":"info","message":"WebSocket server initialized","service":"fire-alarm-api","timestamp":"2025-05-05 15:43:04"}
{"level":"info","message":"WebSocket server initialized successfully","service":"fire-alarm-api","timestamp":"2025-05-05 15:43:04"}
{"level":"info","message":"Server running in development mode on port 5000","service":"fire-alarm-api","timestamp":"2025-05-05 15:43:15"}
{"level":"info","message":"MongoDB Connected: localhost","service":"fire-alarm-api","timestamp":"2025-05-05 15:43:15"}
{"level":"info","message":"WebSocket server initialized","service":"fire-alarm-api","timestamp":"2025-05-05 15:43:15"}
{"level":"info","message":"WebSocket server initialized successfully","service":"fire-alarm-api","timestamp":"2025-05-05 15:43:15"}
{"level":"info","message":"Server running in development mode on port 5000","service":"fire-alarm-api","timestamp":"2025-05-05 15:43:41"}
{"level":"info","message":"MongoDB Connected: localhost","service":"fire-alarm-api","timestamp":"2025-05-05 15:43:41"}
{"level":"info","message":"WebSocket server initialized","service":"fire-alarm-api","timestamp":"2025-05-05 15:43:41"}
{"level":"info","message":"WebSocket server initialized successfully","service":"fire-alarm-api","timestamp":"2025-05-05 15:43:41"}
{"level":"info","message":"Server running in development mode on port 5000","service":"fire-alarm-api","timestamp":"2025-05-05 15:43:43"}
{"level":"info","message":"MongoDB Connected: localhost","service":"fire-alarm-api","timestamp":"2025-05-05 15:43:43"}
{"level":"info","message":"WebSocket server initialized","service":"fire-alarm-api","timestamp":"2025-05-05 15:43:43"}
{"level":"info","message":"WebSocket server initialized successfully","service":"fire-alarm-api","timestamp":"2025-05-05 15:43:43"}
{"level":"error","message":"Unhandled Rejection: Cannot set headers after they are sent to the client","service":"fire-alarm-api","timestamp":"2025-05-05 15:43:45"}
{"level":"info","message":"Server running in development mode on port 5000","service":"fire-alarm-api","timestamp":"2025-05-05 15:43:53"}
{"level":"info","message":"MongoDB Connected: localhost","service":"fire-alarm-api","timestamp":"2025-05-05 15:43:53"}
{"level":"info","message":"WebSocket server initialized","service":"fire-alarm-api","timestamp":"2025-05-05 15:43:54"}
{"level":"info","message":"WebSocket server initialized successfully","service":"fire-alarm-api","timestamp":"2025-05-05 15:43:54"}
{"level":"info","message":"Server running in development mode on port 5000","service":"fire-alarm-api","timestamp":"2025-05-05 15:43:59"}
{"level":"info","message":"MongoDB Connected: localhost","service":"fire-alarm-api","timestamp":"2025-05-05 15:43:59"}
{"level":"info","message":"WebSocket server initialized","service":"fire-alarm-api","timestamp":"2025-05-05 15:43:59"}
{"level":"info","message":"WebSocket server initialized successfully","service":"fire-alarm-api","timestamp":"2025-05-05 15:43:59"}
{"level":"info","message":"Server running in development mode on port 5000","service":"fire-alarm-api","timestamp":"2025-05-05 16:50:30"}
{"level":"info","message":"MongoDB Connected: localhost","service":"fire-alarm-api","timestamp":"2025-05-05 16:50:30"}
{"level":"info","message":"WebSocket server initialized","service":"fire-alarm-api","timestamp":"2025-05-05 16:50:30"}
{"level":"info","message":"WebSocket server initialized successfully","service":"fire-alarm-api","timestamp":"2025-05-05 16:50:30"}
{"level":"info","message":"Server running in development mode on port 5000","service":"fire-alarm-api","timestamp":"2025-05-05 16:50:46"}
{"level":"info","message":"MongoDB Connected: localhost","service":"fire-alarm-api","timestamp":"2025-05-05 16:50:46"}
{"level":"info","message":"WebSocket server initialized","service":"fire-alarm-api","timestamp":"2025-05-05 16:50:46"}
{"level":"info","message":"WebSocket server initialized successfully","service":"fire-alarm-api","timestamp":"2025-05-05 16:50:46"}
{"level":"info","message":"Server running in development mode on port 5000","service":"fire-alarm-api","timestamp":"2025-05-05 16:51:01"}
{"level":"info","message":"MongoDB Connected: localhost","service":"fire-alarm-api","timestamp":"2025-05-05 16:51:01"}
{"level":"info","message":"WebSocket server initialized","service":"fire-alarm-api","timestamp":"2025-05-05 16:51:01"}
{"level":"info","message":"WebSocket server initialized successfully","service":"fire-alarm-api","timestamp":"2025-05-05 16:51:01"}
{"level":"info","message":"Server running in development mode on port 5000","service":"fire-alarm-api","timestamp":"2025-05-05 16:51:07"}
{"level":"info","message":"MongoDB Connected: localhost","service":"fire-alarm-api","timestamp":"2025-05-05 16:51:07"}
{"level":"info","message":"WebSocket server initialized","service":"fire-alarm-api","timestamp":"2025-05-05 16:51:07"}
{"level":"info","message":"WebSocket server initialized successfully","service":"fire-alarm-api","timestamp":"2025-05-05 16:51:07"}
{"level":"info","message":"Server running in development mode on port 5000","service":"fire-alarm-api","timestamp":"2025-05-05 16:51:28"}
{"level":"info","message":"MongoDB Connected: localhost","service":"fire-alarm-api","timestamp":"2025-05-05 16:51:28"}
{"level":"info","message":"WebSocket server initialized","service":"fire-alarm-api","timestamp":"2025-05-05 16:51:28"}
{"level":"info","message":"WebSocket server initialized successfully","service":"fire-alarm-api","timestamp":"2025-05-05 16:51:28"}
{"level":"info","message":"Server running in development mode on port 5000","service":"fire-alarm-api","timestamp":"2025-05-05 16:51:42"}
{"level":"info","message":"MongoDB Connected: localhost","service":"fire-alarm-api","timestamp":"2025-05-05 16:51:42"}
{"level":"info","message":"WebSocket server initialized","service":"fire-alarm-api","timestamp":"2025-05-05 16:51:42"}
{"level":"info","message":"WebSocket server initialized successfully","service":"fire-alarm-api","timestamp":"2025-05-05 16:51:42"}
{"level":"info","message":"Server running in development mode on port 5000","service":"fire-alarm-api","timestamp":"2025-05-05 16:51:48"}
{"level":"info","message":"Server running in development mode on port 5000","service":"fire-alarm-api","timestamp":"2025-05-05 16:51:49"}
{"level":"info","message":"MongoDB Connected: localhost","service":"fire-alarm-api","timestamp":"2025-05-05 16:51:49"}
{"level":"info","message":"WebSocket server initialized","service":"fire-alarm-api","timestamp":"2025-05-05 16:51:49"}
{"level":"info","message":"WebSocket server initialized successfully","service":"fire-alarm-api","timestamp":"2025-05-05 16:51:49"}
{"level":"info","message":"Server running in development mode on port 5000","service":"fire-alarm-api","timestamp":"2025-05-05 16:51:54"}
{"level":"info","message":"MongoDB Connected: localhost","service":"fire-alarm-api","timestamp":"2025-05-05 16:51:54"}
{"level":"info","message":"WebSocket server initialized","service":"fire-alarm-api","timestamp":"2025-05-05 16:51:54"}
{"level":"info","message":"WebSocket server initialized successfully","service":"fire-alarm-api","timestamp":"2025-05-05 16:51:54"}
{"level":"info","message":"Server running in development mode on port 5000","service":"fire-alarm-api","timestamp":"2025-05-05 16:52:01"}
{"level":"info","message":"MongoDB Connected: localhost","service":"fire-alarm-api","timestamp":"2025-05-05 16:52:01"}
{"level":"info","message":"WebSocket server initialized","service":"fire-alarm-api","timestamp":"2025-05-05 16:52:01"}
{"level":"info","message":"WebSocket server initialized successfully","service":"fire-alarm-api","timestamp":"2025-05-05 16:52:01"}
{"level":"info","message":"Server running in development mode on port 5000","service":"fire-alarm-api","timestamp":"2025-05-05 16:52:34"}
{"level":"info","message":"MongoDB Connected: localhost","service":"fire-alarm-api","timestamp":"2025-05-05 16:52:34"}
{"level":"info","message":"WebSocket server initialized","service":"fire-alarm-api","timestamp":"2025-05-05 16:52:34"}
{"level":"info","message":"WebSocket server initialized successfully","service":"fire-alarm-api","timestamp":"2025-05-05 16:52:34"}
{"level":"info","message":"Server running in development mode on port 5000","service":"fire-alarm-api","timestamp":"2025-05-05 16:52:37"}
{"level":"info","message":"MongoDB Connected: localhost","service":"fire-alarm-api","timestamp":"2025-05-05 16:52:37"}
{"level":"info","message":"WebSocket server initialized","service":"fire-alarm-api","timestamp":"2025-05-05 16:52:37"}
{"level":"info","message":"WebSocket server initialized successfully","service":"fire-alarm-api","timestamp":"2025-05-05 16:52:37"}
{"level":"info","message":"Server running in development mode on port 5000","service":"fire-alarm-api","timestamp":"2025-05-05 16:52:39"}
{"level":"info","message":"MongoDB Connected: localhost","service":"fire-alarm-api","timestamp":"2025-05-05 16:52:39"}
{"level":"info","message":"WebSocket server initialized","service":"fire-alarm-api","timestamp":"2025-05-05 16:52:39"}
{"level":"info","message":"WebSocket server initialized successfully","service":"fire-alarm-api","timestamp":"2025-05-05 16:52:39"}
{"level":"info","message":"Server running in development mode on port 5000","service":"fire-alarm-api","timestamp":"2025-05-05 16:53:16"}
{"level":"info","message":"MongoDB Connected: localhost","service":"fire-alarm-api","timestamp":"2025-05-05 16:53:16"}
{"level":"info","message":"WebSocket server initialized","service":"fire-alarm-api","timestamp":"2025-05-05 16:53:16"}
{"level":"info","message":"WebSocket server initialized successfully","service":"fire-alarm-api","timestamp":"2025-05-05 16:53:16"}
{"level":"info","message":"Server running in development mode on port 5000","service":"fire-alarm-api","timestamp":"2025-05-05 16:53:45"}
{"level":"info","message":"MongoDB Connected: localhost","service":"fire-alarm-api","timestamp":"2025-05-05 16:53:45"}
{"level":"info","message":"WebSocket server initialized","service":"fire-alarm-api","timestamp":"2025-05-05 16:53:45"}
{"level":"info","message":"WebSocket server initialized successfully","service":"fire-alarm-api","timestamp":"2025-05-05 16:53:45"}
{"level":"info","message":"Server running in development mode on port 5000","service":"fire-alarm-api","timestamp":"2025-05-05 16:53:56"}
{"level":"info","message":"MongoDB Connected: localhost","service":"fire-alarm-api","timestamp":"2025-05-05 16:53:56"}
{"level":"info","message":"WebSocket server initialized","service":"fire-alarm-api","timestamp":"2025-05-05 16:53:56"}
{"level":"info","message":"WebSocket server initialized successfully","service":"fire-alarm-api","timestamp":"2025-05-05 16:53:56"}
{"level":"info","message":"Server running in development mode on port 5000","service":"fire-alarm-api","timestamp":"2025-05-05 16:54:00"}
{"level":"info","message":"MongoDB Connected: localhost","service":"fire-alarm-api","timestamp":"2025-05-05 16:54:00"}
{"level":"info","message":"WebSocket server initialized","service":"fire-alarm-api","timestamp":"2025-05-05 16:54:00"}
{"level":"info","message":"WebSocket server initialized successfully","service":"fire-alarm-api","timestamp":"2025-05-05 16:54:00"}
{"level":"info","message":"Server running in development mode on port 5000","service":"fire-alarm-api","timestamp":"2025-05-05 16:54:08"}
{"level":"info","message":"MongoDB Connected: localhost","service":"fire-alarm-api","timestamp":"2025-05-05 16:54:08"}
{"level":"info","message":"WebSocket server initialized","service":"fire-alarm-api","timestamp":"2025-05-05 16:54:08"}
{"level":"info","message":"WebSocket server initialized successfully","service":"fire-alarm-api","timestamp":"2025-05-05 16:54:08"}
{"level":"info","message":"Server running in development mode on port 5000","service":"fire-alarm-api","timestamp":"2025-05-05 16:54:24"}
{"level":"info","message":"MongoDB Connected: localhost","service":"fire-alarm-api","timestamp":"2025-05-05 16:54:24"}
{"level":"info","message":"WebSocket server initialized","service":"fire-alarm-api","timestamp":"2025-05-05 16:54:24"}
{"level":"info","message":"WebSocket server initialized successfully","service":"fire-alarm-api","timestamp":"2025-05-05 16:54:24"}
{"level":"info","message":"Server running in development mode on port 5000","service":"fire-alarm-api","timestamp":"2025-05-05 16:54:44"}
{"level":"info","message":"MongoDB Connected: localhost","service":"fire-alarm-api","timestamp":"2025-05-05 16:54:45"}
{"level":"info","message":"WebSocket server initialized","service":"fire-alarm-api","timestamp":"2025-05-05 16:54:45"}
{"level":"info","message":"WebSocket server initialized successfully","service":"fire-alarm-api","timestamp":"2025-05-05 16:54:45"}
{"level":"info","message":"Server running in development mode on port 5000","service":"fire-alarm-api","timestamp":"2025-05-05 16:55:07"}
{"level":"info","message":"MongoDB Connected: localhost","service":"fire-alarm-api","timestamp":"2025-05-05 16:55:07"}
{"level":"info","message":"WebSocket server initialized","service":"fire-alarm-api","timestamp":"2025-05-05 16:55:07"}
{"level":"info","message":"WebSocket server initialized successfully","service":"fire-alarm-api","timestamp":"2025-05-05 16:55:07"}
{"level":"info","message":"Server running in development mode on port 5000","service":"fire-alarm-api","timestamp":"2025-05-05 16:55:11"}
{"level":"info","message":"MongoDB Connected: localhost","service":"fire-alarm-api","timestamp":"2025-05-05 16:55:11"}
{"level":"info","message":"WebSocket server initialized","service":"fire-alarm-api","timestamp":"2025-05-05 16:55:11"}
{"level":"info","message":"WebSocket server initialized successfully","service":"fire-alarm-api","timestamp":"2025-05-05 16:55:11"}
{"level":"info","message":"Server running in development mode on port 5000","service":"fire-alarm-api","timestamp":"2025-05-05 16:55:24"}
{"level":"info","message":"MongoDB Connected: localhost","service":"fire-alarm-api","timestamp":"2025-05-05 16:55:24"}
{"level":"info","message":"WebSocket server initialized","service":"fire-alarm-api","timestamp":"2025-05-05 16:55:24"}
{"level":"info","message":"WebSocket server initialized successfully","service":"fire-alarm-api","timestamp":"2025-05-05 16:55:24"}
{"level":"info","message":"Server running in development mode on port 5000","service":"fire-alarm-api","timestamp":"2025-05-05 16:56:17"}
{"level":"info","message":"MongoDB Connected: localhost","service":"fire-alarm-api","timestamp":"2025-05-05 16:56:17"}
{"level":"info","message":"WebSocket server initialized","service":"fire-alarm-api","timestamp":"2025-05-05 16:56:17"}
{"level":"info","message":"WebSocket server initialized successfully","service":"fire-alarm-api","timestamp":"2025-05-05 16:56:17"}
{"level":"info","message":"Server running in development mode on port 5000","service":"fire-alarm-api","timestamp":"2025-05-05 16:56:24"}
{"level":"info","message":"MongoDB Connected: localhost","service":"fire-alarm-api","timestamp":"2025-05-05 16:56:24"}
{"level":"info","message":"WebSocket server initialized","service":"fire-alarm-api","timestamp":"2025-05-05 16:56:24"}
{"level":"info","message":"WebSocket server initialized successfully","service":"fire-alarm-api","timestamp":"2025-05-05 16:56:24"}
{"level":"info","message":"Server running in development mode on port 5000","service":"fire-alarm-api","timestamp":"2025-05-05 16:56:33"}
{"level":"info","message":"MongoDB Connected: localhost","service":"fire-alarm-api","timestamp":"2025-05-05 16:56:33"}
{"level":"info","message":"WebSocket server initialized","service":"fire-alarm-api","timestamp":"2025-05-05 16:56:33"}
{"level":"info","message":"WebSocket server initialized successfully","service":"fire-alarm-api","timestamp":"2025-05-05 16:56:33"}
{"level":"info","message":"Server running in development mode on port 5000","service":"fire-alarm-api","timestamp":"2025-05-05 16:57:00"}
{"level":"info","message":"MongoDB Connected: localhost","service":"fire-alarm-api","timestamp":"2025-05-05 16:57:00"}
{"level":"info","message":"WebSocket server initialized","service":"fire-alarm-api","timestamp":"2025-05-05 16:57:00"}
{"level":"info","message":"WebSocket server initialized successfully","service":"fire-alarm-api","timestamp":"2025-05-05 16:57:00"}
{"level":"info","message":"Server running in development mode on port 5000","service":"fire-alarm-api","timestamp":"2025-05-05 16:57:09"}
{"level":"info","message":"MongoDB Connected: localhost","service":"fire-alarm-api","timestamp":"2025-05-05 16:57:09"}
{"level":"info","message":"WebSocket server initialized","service":"fire-alarm-api","timestamp":"2025-05-05 16:57:09"}
{"level":"info","message":"WebSocket server initialized successfully","service":"fire-alarm-api","timestamp":"2025-05-05 16:57:09"}
{"level":"info","message":"Server running in development mode on port 5000","service":"fire-alarm-api","timestamp":"2025-05-05 16:57:11"}
{"level":"info","message":"MongoDB Connected: localhost","service":"fire-alarm-api","timestamp":"2025-05-05 16:57:11"}
{"level":"info","message":"WebSocket server initialized","service":"fire-alarm-api","timestamp":"2025-05-05 16:57:11"}
{"level":"info","message":"WebSocket server initialized successfully","service":"fire-alarm-api","timestamp":"2025-05-05 16:57:11"}
{"level":"info","message":"Server running in development mode on port 5000","service":"fire-alarm-api","timestamp":"2025-05-05 16:57:15"}
{"level":"info","message":"MongoDB Connected: localhost","service":"fire-alarm-api","timestamp":"2025-05-05 16:57:15"}
{"level":"info","message":"WebSocket server initialized","service":"fire-alarm-api","timestamp":"2025-05-05 16:57:15"}
{"level":"info","message":"WebSocket server initialized successfully","service":"fire-alarm-api","timestamp":"2025-05-05 16:57:15"}
{"level":"info","message":"Server running in development mode on port 5000","service":"fire-alarm-api","timestamp":"2025-05-05 16:57:18"}
{"level":"info","message":"MongoDB Connected: localhost","service":"fire-alarm-api","timestamp":"2025-05-05 16:57:18"}
{"level":"info","message":"WebSocket server initialized","service":"fire-alarm-api","timestamp":"2025-05-05 16:57:18"}
{"level":"info","message":"WebSocket server initialized successfully","service":"fire-alarm-api","timestamp":"2025-05-05 16:57:18"}
{"level":"info","message":"Server running in development mode on port 5000","service":"fire-alarm-api","timestamp":"2025-05-05 16:57:21"}
{"level":"info","message":"MongoDB Connected: localhost","service":"fire-alarm-api","timestamp":"2025-05-05 16:57:21"}
{"level":"info","message":"WebSocket server initialized","service":"fire-alarm-api","timestamp":"2025-05-05 16:57:21"}
{"level":"info","message":"WebSocket server initialized successfully","service":"fire-alarm-api","timestamp":"2025-05-05 16:57:21"}
{"level":"info","message":"Server running in development mode on port 5000","service":"fire-alarm-api","timestamp":"2025-05-05 16:57:36"}
{"level":"info","message":"MongoDB Connected: localhost","service":"fire-alarm-api","timestamp":"2025-05-05 16:57:36"}
{"level":"info","message":"WebSocket server initialized","service":"fire-alarm-api","timestamp":"2025-05-05 16:57:36"}
{"level":"info","message":"WebSocket server initialized successfully","service":"fire-alarm-api","timestamp":"2025-05-05 16:57:36"}
{"level":"info","message":"Server running in development mode on port 5000","service":"fire-alarm-api","timestamp":"2025-05-05 16:57:43"}
{"level":"info","message":"MongoDB Connected: localhost","service":"fire-alarm-api","timestamp":"2025-05-05 16:57:43"}
{"level":"info","message":"WebSocket server initialized","service":"fire-alarm-api","timestamp":"2025-05-05 16:57:43"}
{"level":"info","message":"WebSocket server initialized successfully","service":"fire-alarm-api","timestamp":"2025-05-05 16:57:43"}
{"level":"info","message":"Server running in development mode on port 5000","service":"fire-alarm-api","timestamp":"2025-05-05 16:57:45"}
{"level":"info","message":"MongoDB Connected: localhost","service":"fire-alarm-api","timestamp":"2025-05-05 16:57:45"}
{"level":"info","message":"WebSocket server initialized","service":"fire-alarm-api","timestamp":"2025-05-05 16:57:45"}
{"level":"info","message":"WebSocket server initialized successfully","service":"fire-alarm-api","timestamp":"2025-05-05 16:57:45"}
{"level":"info","message":"Server running in development mode on port 5000","service":"fire-alarm-api","timestamp":"2025-05-05 16:57:48"}
{"level":"info","message":"MongoDB Connected: localhost","service":"fire-alarm-api","timestamp":"2025-05-05 16:57:48"}
{"level":"info","message":"WebSocket server initialized","service":"fire-alarm-api","timestamp":"2025-05-05 16:57:48"}
{"level":"info","message":"WebSocket server initialized successfully","service":"fire-alarm-api","timestamp":"2025-05-05 16:57:48"}
{"level":"info","message":"Server running in development mode on port 5000","service":"fire-alarm-api","timestamp":"2025-05-05 16:57:57"}
{"level":"info","message":"MongoDB Connected: localhost","service":"fire-alarm-api","timestamp":"2025-05-05 16:57:57"}
{"level":"info","message":"WebSocket server initialized","service":"fire-alarm-api","timestamp":"2025-05-05 16:57:57"}
{"level":"info","message":"WebSocket server initialized successfully","service":"fire-alarm-api","timestamp":"2025-05-05 16:57:57"}
{"level":"info","message":"Server running in development mode on port 5000","service":"fire-alarm-api","timestamp":"2025-05-05 16:58:07"}
{"level":"info","message":"MongoDB Connected: localhost","service":"fire-alarm-api","timestamp":"2025-05-05 16:58:07"}
{"level":"info","message":"WebSocket server initialized","service":"fire-alarm-api","timestamp":"2025-05-05 16:58:07"}
{"level":"info","message":"WebSocket server initialized successfully","service":"fire-alarm-api","timestamp":"2025-05-05 16:58:07"}
{"level":"info","message":"Server running in development mode on port 5000","service":"fire-alarm-api","timestamp":"2025-05-05 16:58:11"}
{"level":"info","message":"MongoDB Connected: localhost","service":"fire-alarm-api","timestamp":"2025-05-05 16:58:11"}
{"level":"info","message":"WebSocket server initialized","service":"fire-alarm-api","timestamp":"2025-05-05 16:58:11"}
{"level":"info","message":"WebSocket server initialized successfully","service":"fire-alarm-api","timestamp":"2025-05-05 16:58:11"}
{"level":"info","message":"Server running in development mode on port 5000","service":"fire-alarm-api","timestamp":"2025-05-05 16:58:17"}
{"level":"info","message":"MongoDB Connected: localhost","service":"fire-alarm-api","timestamp":"2025-05-05 16:58:17"}
{"level":"info","message":"WebSocket server initialized","service":"fire-alarm-api","timestamp":"2025-05-05 16:58:17"}
{"level":"info","message":"WebSocket server initialized successfully","service":"fire-alarm-api","timestamp":"2025-05-05 16:58:17"}
{"level":"info","message":"Server running in development mode on port 5000","service":"fire-alarm-api","timestamp":"2025-05-05 17:04:46"}
{"level":"info","message":"MongoDB Connected: localhost","service":"fire-alarm-api","timestamp":"2025-05-05 17:04:46"}
{"level":"info","message":"WebSocket server initialized","service":"fire-alarm-api","timestamp":"2025-05-05 17:04:46"}
{"level":"info","message":"WebSocket server initialized successfully","service":"fire-alarm-api","timestamp":"2025-05-05 17:04:46"}
{"level":"info","message":"Server running in development mode on port 5000","service":"fire-alarm-api","timestamp":"2025-05-05 17:04:58"}
{"level":"info","message":"MongoDB Connected: localhost","service":"fire-alarm-api","timestamp":"2025-05-05 17:04:58"}
{"level":"info","message":"WebSocket server initialized","service":"fire-alarm-api","timestamp":"2025-05-05 17:04:58"}
{"level":"info","message":"WebSocket server initialized successfully","service":"fire-alarm-api","timestamp":"2025-05-05 17:04:58"}
{"level":"info","message":"Server running in development mode on port 5000","service":"fire-alarm-api","timestamp":"2025-05-05 17:09:45"}
{"level":"info","message":"MongoDB Connected: localhost","service":"fire-alarm-api","timestamp":"2025-05-05 17:09:45"}
{"level":"info","message":"WebSocket server initialized","service":"fire-alarm-api","timestamp":"2025-05-05 17:09:45"}
{"level":"info","message":"WebSocket server initialized successfully","service":"fire-alarm-api","timestamp":"2025-05-05 17:09:45"}
{"level":"info","message":"Server running in development mode on port 5000","service":"fire-alarm-api","timestamp":"2025-05-05 17:11:11"}
{"level":"info","message":"MongoDB Connected: localhost","service":"fire-alarm-api","timestamp":"2025-05-05 17:11:11"}
{"level":"info","message":"WebSocket server initialized","service":"fire-alarm-api","timestamp":"2025-05-05 17:11:11"}
{"level":"info","message":"WebSocket server initialized successfully","service":"fire-alarm-api","timestamp":"2025-05-05 17:11:11"}
{"level":"info","message":"Server running in development mode on port 5000","service":"fire-alarm-api","timestamp":"2025-05-05 17:11:30"}
{"level":"info","message":"MongoDB Connected: localhost","service":"fire-alarm-api","timestamp":"2025-05-05 17:11:30"}
{"level":"info","message":"WebSocket server initialized","service":"fire-alarm-api","timestamp":"2025-05-05 17:11:30"}
{"level":"info","message":"WebSocket server initialized successfully","service":"fire-alarm-api","timestamp":"2025-05-05 17:11:30"}
{"level":"info","message":"Server running in development mode on port 5000","service":"fire-alarm-api","timestamp":"2025-05-05 17:15:17"}
{"level":"info","message":"MongoDB Connected: localhost","service":"fire-alarm-api","timestamp":"2025-05-05 17:15:17"}
{"level":"info","message":"WebSocket server initialized","service":"fire-alarm-api","timestamp":"2025-05-05 17:15:17"}
{"level":"info","message":"WebSocket server initialized successfully","service":"fire-alarm-api","timestamp":"2025-05-05 17:15:17"}
{"level":"info","message":"Server running in development mode on port 5000","service":"fire-alarm-api","timestamp":"2025-05-05 20:21:07"}
{"level":"error","message":"Error connecting to MongoDB: connect ECONNREFUSED ::1:27017, connect ECONNREFUSED 127.0.0.1:27017","service":"fire-alarm-api","timestamp":"2025-05-05 20:21:37"}
{"level":"info","message":"Server running in development mode on port 5000","service":"fire-alarm-api","timestamp":"2025-05-05 20:23:06"}
{"level":"info","message":"MongoDB Connected: localhost","service":"fire-alarm-api","timestamp":"2025-05-05 20:23:06"}
{"level":"info","message":"WebSocket server initialized","service":"fire-alarm-api","timestamp":"2025-05-05 20:23:06"}
{"level":"info","message":"WebSocket server initialized successfully","service":"fire-alarm-api","timestamp":"2025-05-05 20:23:06"}
{"level":"info","message":"Server running in development mode on port 5000","service":"fire-alarm-api","timestamp":"2025-05-06 13:20:50"}
{"level":"info","message":"MongoDB Connected: localhost","service":"fire-alarm-api","timestamp":"2025-05-06 13:20:50"}
{"level":"info","message":"WebSocket server initialized","service":"fire-alarm-api","timestamp":"2025-05-06 13:20:50"}
{"level":"info","message":"WebSocket server initialized successfully","service":"fire-alarm-api","timestamp":"2025-05-06 13:20:50"}
{"level":"info","message":"Server running in development mode on port 5000","service":"fire-alarm-api","timestamp":"2025-05-06 15:40:39"}
{"level":"info","message":"MongoDB Connected: localhost","service":"fire-alarm-api","timestamp":"2025-05-06 15:40:39"}
{"level":"info","message":"WebSocket server initialized","service":"fire-alarm-api","timestamp":"2025-05-06 15:40:39"}
{"level":"info","message":"WebSocket server initialized successfully","service":"fire-alarm-api","timestamp":"2025-05-06 15:40:39"}
{"level":"info","message":"Server running in development mode on port 5000","service":"fire-alarm-api","timestamp":"2025-05-06 16:09:47"}
{"level":"info","message":"MongoDB Connected: localhost","service":"fire-alarm-api","timestamp":"2025-05-06 16:09:47"}
{"level":"info","message":"WebSocket server initialized","service":"fire-alarm-api","timestamp":"2025-05-06 16:09:47"}
{"level":"info","message":"WebSocket server initialized successfully","service":"fire-alarm-api","timestamp":"2025-05-06 16:09:47"}
{"level":"info","message":"Server running in development mode on port 5000","service":"fire-alarm-api","timestamp":"2025-05-06 21:47:25"}
{"level":"info","message":"MongoDB Connected: localhost","service":"fire-alarm-api","timestamp":"2025-05-06 21:47:25"}
{"level":"info","message":"WebSocket server initialized","service":"fire-alarm-api","timestamp":"2025-05-06 21:47:25"}
{"level":"info","message":"WebSocket server initialized successfully","service":"fire-alarm-api","timestamp":"2025-05-06 21:47:25"}
{"level":"info","message":"Server running in development mode on port 5000","service":"fire-alarm-api","timestamp":"2025-05-06 21:47:28"}
{"level":"info","message":"MongoDB Connected: localhost","service":"fire-alarm-api","timestamp":"2025-05-06 21:47:28"}
{"level":"info","message":"WebSocket server initialized","service":"fire-alarm-api","timestamp":"2025-05-06 21:47:28"}
{"level":"info","message":"WebSocket server initialized successfully","service":"fire-alarm-api","timestamp":"2025-05-06 21:47:28"}
{"level":"info","message":"Server running in development mode on port 5000","service":"fire-alarm-api","timestamp":"2025-05-07 12:38:31"}
{"level":"info","message":"Server running in development mode on port 5000","service":"fire-alarm-api","timestamp":"2025-05-07 12:38:55"}
{"level":"error","message":"Error connecting to MongoDB: connect ECONNREFUSED ::1:27017, connect ECONNREFUSED 127.0.0.1:27017","service":"fire-alarm-api","timestamp":"2025-05-07 12:39:25"}
{"level":"info","message":"Server running in development mode on port 5000","service":"fire-alarm-api","timestamp":"2025-05-13 13:23:40"}
{"level":"error","message":"Error connecting to MongoDB: connect ECONNREFUSED ::1:27017, connect ECONNREFUSED 127.0.0.1:27017","service":"fire-alarm-api","timestamp":"2025-05-13 13:24:10"}
{"level":"info","message":"Server running in development mode on port 5000","service":"fire-alarm-api","timestamp":"2025-05-13 13:25:36"}
{"level":"info","message":"MongoDB Connected: localhost","service":"fire-alarm-api","timestamp":"2025-05-13 13:25:40"}
{"level":"info","message":"WebSocket server initialized","service":"fire-alarm-api","timestamp":"2025-05-13 13:25:40"}
{"level":"info","message":"WebSocket server initialized successfully","service":"fire-alarm-api","timestamp":"2025-05-13 13:25:40"}
{"level":"info","message":"Server running in development mode on port 5000","service":"fire-alarm-api","timestamp":"2025-05-13 13:26:36"}
{"level":"info","message":"MongoDB Connected: localhost","service":"fire-alarm-api","timestamp":"2025-05-13 13:26:36"}
{"level":"info","message":"WebSocket server initialized","service":"fire-alarm-api","timestamp":"2025-05-13 13:26:36"}
{"level":"info","message":"WebSocket server initialized successfully","service":"fire-alarm-api","timestamp":"2025-05-13 13:26:36"}
